<?xml version="1.0" encoding="UTF-8" ?>
<testsuite tests="19" failures="0" name="com.muratkuk.nesneproje.ExerciseLogTest" time="0.058" errors="0" skipped="0">
  <properties>
[...]
</properties>
  <testcase classname="com.muratkuk.nesneproje.ExerciseLogTest" name="testGetSpeedScore" time="0.006"/>
  <testcase classname="com.muratkuk.nesneproje.ExerciseLogTest" name="testSetCorrectAnswers" time="0"/>
  <testcase classname="com.muratkuk.nesneproje.ExerciseLogTest" name="testGetEndTime" time="0"/>
  <testcase classname="com.muratkuk.nesneproje.ExerciseLogTest" name="testGetAccuracyScore" time="0"/>
  <testcase classname="com.muratkuk.nesneproje.ExerciseLogTest" name="testGetStartTime" time="0.001"/>
  <testcase classname="com.muratkuk.nesneproje.ExerciseLogTest" name="testGetQuestions" time="0"/>
  <testcase classname="com.muratkuk.nesneproje.ExerciseLogTest" name="testGetCorrectAnswers" time="0"/>
  <testcase classname="com.muratkuk.nesneproje.ExerciseLogTest" name="testGetResponseTimes" time="0.001"/>
  <testcase classname="com.muratkuk.nesneproje.ExerciseLogTest" name="testEndExercise" time="0"/>
  <testcase classname="com.muratkuk.nesneproje.ExerciseLogTest" name="testLogQuestion" time="0.001"/>
  <testcase classname="com.muratkuk.nesneproje.ExerciseLogTest" name="testSaveToFile" time="0.047"/>
  <testcase classname="com.muratkuk.nesneproje.ExerciseLogTest" name="testSetStartTime" time="0"/>
  <testcase classname="com.muratkuk.nesneproje.ExerciseLogTest" name="testSetEndTime" time="0"/>
  <testcase classname="com.muratkuk.nesneproje.ExerciseLogTest" name="testSetQuestions" time="0.001"/>
  <testcase classname="com.muratkuk.nesneproje.ExerciseLogTest" name="testGetExerciseName" time="0"/>
  <testcase classname="com.muratkuk.nesneproje.ExerciseLogTest" name="testSetUsername" time="0"/>
  <testcase classname="com.muratkuk.nesneproje.ExerciseLogTest" name="testGetUsername" time="0"/>
  <testcase classname="com.muratkuk.nesneproje.ExerciseLogTest" name="testSetExerciseName" time="0.001"/>
  <testcase classname="com.muratkuk.nesneproje.ExerciseLogTest" name="testSetResponseTimes" time="0"/>
</testsuite>